<?xml version="1.0" encoding="UTF-8"?>
<!-- Generated by org.testng.reporters.JUnitReportReporter -->
<testsuite skipped="0" hostname="Yarlagadda-PC" name="SampleTest" tests="1" failures="0" timestamp="27 May 2017 14:44:21 GMT" time="0.021" errors="0">
  <testcase name="f" time="0.021" classname="SampleTest"/>
</testsuite> <!-- SampleTest -->
